<?xml version="1.0" encoding="UTF-8"?>
<!-- Generated by org.testng.reporters.JUnitXMLReporter -->
<testsuite ignored="2" hostname="SowmyaST136" failures="0" tests="1" name="Default test" time="12.924" errors="0" timestamp="31 Jul 2022 10:09:20 GMT">
  <testcase classname="com.OpenCart.test.AccountsPageTest" name="accountPageTitleTest" time="0.196"/>
  <testcase classname="com.OpenCart.test.AccountsPageTest" name="accountSectionListTest" time="0.0">
    <ignored/>
  </testcase> <!-- accountSectionListTest -->
  <testcase classname="com.OpenCart.test.AccountsPageTest" name="accPageHeaderTest" time="0.0">
    <ignored/>
  </testcase> <!-- accPageHeaderTest -->
</testsuite> <!-- Default test -->
