<?xml version="1.0" encoding="UTF-8"?>
<!-- Generated by org.testng.reporters.JUnitXMLReporter -->
<testsuite ignored="0" hostname="SowmyaST136" failures="0" tests="3" name="Accounts Page Test" time="4.215" errors="0" timestamp="28 Jul 2022 11:03:56 GMT">
  <testcase classname="com.OpenCart.test.AccountsPageTest" name="accPageHeaderTest" time="0.035"/>
  <testcase classname="com.OpenCart.test.AccountsPageTest" name="accountPageTitleTest" time="0.015"/>
  <testcase classname="com.OpenCart.test.AccountsPageTest" name="accountSectionListTest" time="0.121"/>
</testsuite> <!-- Accounts Page Test -->
