<?xml version="1.0" encoding="UTF-8"?>
<!-- Generated by org.testng.reporters.JUnitXMLReporter -->
<testsuite ignored="0" hostname="SowmyaST136" failures="0" tests="3" name="Accounts Page Test" time="4.769" errors="0" timestamp="31 Jul 2022 10:22:38 GMT">
  <testcase classname="com.OpenCart.test.AccountsPageTest" name="accPageHeaderTest" time="0.057"/>
  <testcase classname="com.OpenCart.test.AccountsPageTest" name="accountPageTitleTest" time="0.02"/>
  <testcase classname="com.OpenCart.test.AccountsPageTest" name="accountSectionListTest" time="0.221"/>
</testsuite> <!-- Accounts Page Test -->
