<?xml version="1.0" encoding="UTF-8"?>
<!-- Generated by org.testng.reporters.JUnitXMLReporter -->
<testsuite ignored="0" hostname="SowmyaST136" failures="0" tests="3" name="Login Page Test" time="9.494" errors="0" timestamp="31 Jul 2022 10:22:27 GMT">
  <testcase classname="com.OpenCart.test.LoginPageTest" name="logiPageTitleTest" time="0.209"/>
  <testcase classname="com.OpenCart.test.LoginPageTest" name="loginPageUrlTest" time="0.027"/>
  <testcase classname="com.OpenCart.test.LoginPageTest" name="forgotPwdLinkTest" time="0.131"/>
</testsuite> <!-- Login Page Test -->
