<?xml version="1.0" encoding="UTF-8"?>
<!-- Generated by org.testng.reporters.JUnitXMLReporter -->
<testsuite ignored="0" hostname="SowmyaST136" failures="0" tests="3" name="Login Page negative Test" time="5.937" errors="0" timestamp="31 Jul 2022 10:22:33 GMT">
  <testcase classname="com.OpenCart.test.LoginNegativeTest" name="loginNegativeTest" time="0.861"/>
  <testcase classname="com.OpenCart.test.LoginNegativeTest" name="loginNegativeTest" time="0.909"/>
  <testcase classname="com.OpenCart.test.LoginNegativeTest" name="loginNegativeTest" time="0.873"/>
</testsuite> <!-- Login Page negative Test -->
