<?xml version="1.0" encoding="UTF-8"?>
<!-- Generated by org.testng.reporters.JUnitXMLReporter -->
<testsuite ignored="0" hostname="SowmyaST136" failures="0" tests="3" name="Login Page Test" time="5.185" errors="0" timestamp="28 Jul 2022 11:03:46 GMT">
  <testcase classname="com.OpenCart.test.LoginPageTest" name="logiPageTitleTest" time="0.08"/>
  <testcase classname="com.OpenCart.test.LoginPageTest" name="loginPageUrlTest" time="0.008"/>
  <testcase classname="com.OpenCart.test.LoginPageTest" name="forgotPwdLinkTest" time="0.043"/>
</testsuite> <!-- Login Page Test -->
