<?xml version="1.0" encoding="UTF-8"?>
<!-- Generated by org.testng.reporters.JUnitXMLReporter -->
<testsuite ignored="0" hostname="SowmyaST136" failures="0" tests="3" name="Login Page negative Test" time="4.956" errors="0" timestamp="28 Jul 2022 11:03:52 GMT">
  <testcase classname="com.OpenCart.test.LoginNegativeTest" name="loginNegativeTest" time="0.925"/>
  <testcase classname="com.OpenCart.test.LoginNegativeTest" name="loginNegativeTest" time="0.471"/>
  <testcase classname="com.OpenCart.test.LoginNegativeTest" name="loginNegativeTest" time="0.525"/>
</testsuite> <!-- Login Page negative Test -->
