<?xml version="1.0" encoding="UTF-8"?>
<!-- Generated by org.testng.reporters.JUnitXMLReporter -->
<testsuite ignored="0" hostname="SowmyaST136" failures="0" tests="4" name="Registration Page Test" time="20.505" errors="0" timestamp="31 Jul 2022 10:22:59 GMT">
  <testcase classname="com.OpenCart.test.RegistrationPageTest" name="userRegistrationTest" time="3.869"/>
  <testcase classname="com.OpenCart.test.RegistrationPageTest" name="userRegistrationTest" time="3.338"/>
  <testcase classname="com.OpenCart.test.RegistrationPageTest" name="userRegistrationTest" time="4.466"/>
  <testcase classname="com.OpenCart.test.RegistrationPageTest" name="userRegistrationTest" time="3.369"/>
</testsuite> <!-- Registration Page Test -->
