<?xml version="1.0" encoding="UTF-8"?>
<!-- Generated by org.testng.reporters.JUnitXMLReporter -->
<testsuite ignored="0" hostname="SowmyaST136" failures="0" tests="4" name="Registration Page Test" time="15.913" errors="0" timestamp="28 Jul 2022 11:04:12 GMT">
  <testcase classname="com.OpenCart.test.RegistrationPageTest" name="userRegistrationTest" time="2.578"/>
  <testcase classname="com.OpenCart.test.RegistrationPageTest" name="userRegistrationTest" time="3.93"/>
  <testcase classname="com.OpenCart.test.RegistrationPageTest" name="userRegistrationTest" time="2.461"/>
  <testcase classname="com.OpenCart.test.RegistrationPageTest" name="userRegistrationTest" time="2.195"/>
</testsuite> <!-- Registration Page Test -->
